This is pdfTeX, Version 3.141592653-2.6-1.40.24 (MiKTeX 22.10) (preloaded format=pdflatex 2023.7.11)  2 JAN 2024 20:59
entering extended mode
 restricted \write18 enabled.
 %&-line parsing enabled.
**./FundProgramacion.tex
(FundProgramacion.tex
LaTeX2e <2023-06-01> patch level 1
L3 programming layer <2023-06-30>
(C:\Users\LENOVO\AppData\Local\MiKTeX\tex/latex/base\article.cls
Document Class: article 2023/05/17 v1.4n Standard LaTeX document class
(C:\Users\LENOVO\AppData\Local\MiKTeX\tex/latex/base\size11.clo
File: size11.clo 2023/05/17 v1.4n Standard LaTeX file (size option)
)
\c@part=\count185
\c@section=\count186
\c@subsection=\count187
\c@subsubsection=\count188
\c@paragraph=\count189
\c@subparagraph=\count190
\c@figure=\count191
\c@table=\count192
\abovecaptionskip=\skip48
\belowcaptionskip=\skip49
\bibindent=\dimen140
)
(C:\Users\LENOVO\AppData\Local\MiKTeX\tex/latex/base\inputenc.sty
Package: inputenc 2021/02/14 v1.3d Input encoding file
\inpenc@prehook=\toks17
\inpenc@posthook=\toks18
)
(C:\Users\LENOVO\AppData\Local\MiKTeX\tex/latex/amsmath\amsmath.sty
Package: amsmath 2023/05/13 v2.17o AMS math features
\@mathmargin=\skip50

For additional information on amsmath, use the `?' option.
(C:\Users\LENOVO\AppData\Local\MiKTeX\tex/latex/amsmath\amstext.sty
Package: amstext 2021/08/26 v2.01 AMS text

(C:\Users\LENOVO\AppData\Local\MiKTeX\tex/latex/amsmath\amsgen.sty
File: amsgen.sty 1999/11/30 v2.0 generic functions
\@emptytoks=\toks19
\ex@=\dimen141
))
(C:\Users\LENOVO\AppData\Local\MiKTeX\tex/latex/amsmath\amsbsy.sty
Package: amsbsy 1999/11/29 v1.2d Bold Symbols
\pmbraise@=\dimen142
)
(C:\Users\LENOVO\AppData\Local\MiKTeX\tex/latex/amsmath\amsopn.sty
Package: amsopn 2022/04/08 v2.04 operator names
)
\inf@bad=\count193
LaTeX Info: Redefining \frac on input line 234.
\uproot@=\count194
\leftroot@=\count195
LaTeX Info: Redefining \overline on input line 399.
LaTeX Info: Redefining \colon on input line 410.
\classnum@=\count196
\DOTSCASE@=\count197
LaTeX Info: Redefining \ldots on input line 496.
LaTeX Info: Redefining \dots on input line 499.
LaTeX Info: Redefining \cdots on input line 620.
\Mathstrutbox@=\box51
\strutbox@=\box52
LaTeX Info: Redefining \big on input line 722.
LaTeX Info: Redefining \Big on input line 723.
LaTeX Info: Redefining \bigg on input line 724.
LaTeX Info: Redefining \Bigg on input line 725.
\big@size=\dimen143
LaTeX Font Info:    Redeclaring font encoding OML on input line 743.
LaTeX Font Info:    Redeclaring font encoding OMS on input line 744.
\macc@depth=\count198
LaTeX Info: Redefining \bmod on input line 905.
LaTeX Info: Redefining \pmod on input line 910.
LaTeX Info: Redefining \smash on input line 940.
LaTeX Info: Redefining \relbar on input line 970.
LaTeX Info: Redefining \Relbar on input line 971.
\c@MaxMatrixCols=\count199
\dotsspace@=\muskip16
\c@parentequation=\count266
\dspbrk@lvl=\count267
\tag@help=\toks20
\row@=\count268
\column@=\count269
\maxfields@=\count270
\andhelp@=\toks21
\eqnshift@=\dimen144
\alignsep@=\dimen145
\tagshift@=\dimen146
\tagwidth@=\dimen147
\totwidth@=\dimen148
\lineht@=\dimen149
\@envbody=\toks22
\multlinegap=\skip51
\multlinetaggap=\skip52
\mathdisplay@stack=\toks23
LaTeX Info: Redefining \[ on input line 2953.
LaTeX Info: Redefining \] on input line 2954.
)
(C:\Users\LENOVO\AppData\Local\MiKTeX\tex/latex/amsfonts\amsfonts.sty
Package: amsfonts 2013/01/14 v3.01 Basic AMSFonts support
\symAMSa=\mathgroup4
\symAMSb=\mathgroup5
LaTeX Font Info:    Redeclaring math symbol \hbar on input line 98.
LaTeX Font Info:    Overwriting math alphabet `\mathfrak' in version `bold'
(Font)                  U/euf/m/n --> U/euf/b/n on input line 106.
)
(C:\Users\LENOVO\AppData\Local\MiKTeX\tex/latex/amsfonts\amssymb.sty
Package: amssymb 2013/01/14 v3.01 AMS font symbols
)
(C:\Users\LENOVO\AppData\Local\\MiKTeX\tex/latex/geometry\geometry.sty
Package: geometry 2020/01/02 v5.9 Page Geometry

(C:\Users\LENOVO\AppData\Local\MiKTeX\tex/latex/graphics\keyval.sty
Package: keyval 2022/05/29 v1.15 key=value parser (DPC)
\KV@toks@=\toks24
)
(C:\Users\LENOVO\AppData\Local\MiKTeX\tex/generic/iftex\ifvtex.sty
Package: ifvtex 2019/10/25 v1.7 ifvtex legacy package. Use iftex instead.

(C:\Users\LENOVO\AppData\Local\MiKTeX\tex/generic/iftex\iftex.sty
Package: iftex 2022/02/03 v1.0f TeX engine tests
))
\Gm@cnth=\count271
\Gm@cntv=\count272
\c@Gm@tempcnt=\count273
\Gm@bindingoffset=\dimen150
\Gm@wd@mp=\dimen151
\Gm@odd@mp=\dimen152
\Gm@even@mp=\dimen153
\Gm@layoutwidth=\dimen154
\Gm@layoutheight=\dimen155
\Gm@layouthoffset=\dimen156
\Gm@layoutvoffset=\dimen157
\Gm@dimlist=\toks25

(C:\Users\LENOVO\AppData\Local\\MiKTeX\tex/latex/geometry\geometry.cfg))
(C:\Users\LENOVO\AppData\Local\MiKTeX\tex/latex/graphics\graphicx.sty
Package: graphicx 2021/09/16 v1.2d Enhanced LaTeX Graphics (DPC,SPQR)

(C:\Users\LENOVO\AppData\Local\MiKTeX\tex/latex/graphics\graphics.sty
Package: graphics 2022/03/10 v1.4e Standard LaTeX Graphics (DPC,SPQR)

(C:\Users\LENOVO\AppData\Local\MiKTeX\tex/latex/graphics\trig.sty
Package: trig 2021/08/11 v1.11 sin cos tan (DPC)
)
(C:\Users\LENOVO\AppData\Local\MiKTeX\tex/latex/graphics-cfg\graphics.cfg
File: graphics.cfg 2016/06/04 v1.11 sample graphics configuration
)
Package graphics Info: Driver file: pdftex.def on input line 107.

(C:\Users\LENOVO\AppData\Local\MiKTeX\tex/latex/graphics-def\pdftex.def
File: pdftex.def 2022/09/22 v1.2b Graphics/color driver for pdftex
))
\Gin@req@height=\dimen158
\Gin@req@width=\dimen159
)
(C:\Users\LENOVO\AppData\Local\MiKTeX\tex/latex/l3backend\l3backend-pdftex.def
File: l3backend-pdftex.def 2023-04-19 L3 backend support: PDF output (pdfTeX)
\l__color_backend_stack_int=\count274
\l__pdf_internal_box=\box53
) (FundProgramacion.aux

LaTeX Warning: Label `fig:palabras reserv' multiply defined.


LaTeX Warning: Label `fig:Declaración variable' multiply defined.


LaTeX Warning: Label `fig:Procedimiento scanf' multiply defined.


LaTeX Warning: Label `fig:Comentarios' multiply defined.

)
\openout1 = `FundProgramacion.aux'.

LaTeX Font Info:    Checking defaults for OML/cmm/m/it on input line 11.
LaTeX Font Info:    ... okay on input line 11.
LaTeX Font Info:    Checking defaults for OMS/cmsy/m/n on input line 11.
LaTeX Font Info:    ... okay on input line 11.
LaTeX Font Info:    Checking defaults for OT1/cmr/m/n on input line 11.
LaTeX Font Info:    ... okay on input line 11.
LaTeX Font Info:    Checking defaults for T1/cmr/m/n on input line 11.
LaTeX Font Info:    ... okay on input line 11.
LaTeX Font Info:    Checking defaults for TS1/cmr/m/n on input line 11.
LaTeX Font Info:    ... okay on input line 11.
LaTeX Font Info:    Checking defaults for OMX/cmex/m/n on input line 11.
LaTeX Font Info:    ... okay on input line 11.
LaTeX Font Info:    Checking defaults for U/cmr/m/n on input line 11.
LaTeX Font Info:    ... okay on input line 11.

*geometry* driver: auto-detecting
*geometry* detected driver: pdftex
*geometry* verbose mode - [ preamble ] result:
* driver: pdftex
* paper: a4paper
* layout: <same size as paper>
* layoutoffset:(h,v)=(0.0pt,0.0pt)
* modes: 
* h-part:(L,W,R)=(28.45274pt, 540.60239pt, 28.45274pt)
* v-part:(T,H,B)=(28.45274pt, 788.14136pt, 28.45274pt)
* \paperwidth=597.50787pt
* \paperheight=845.04684pt
* \textwidth=540.60239pt
* \textheight=788.14136pt
* \oddsidemargin=-43.81725pt
* \evensidemargin=-43.81725pt
* \topmargin=-80.81725pt
* \headheight=12.0pt
* \headsep=25.0pt
* \topskip=11.0pt
* \footskip=30.0pt
* \marginparwidth=50.0pt
* \marginparsep=10.0pt
* \columnsep=10.0pt
* \skip\footins=10.0pt plus 4.0pt minus 2.0pt
* \hoffset=0.0pt
* \voffset=0.0pt
* \mag=1000
* \@twocolumnfalse
* \@twosidefalse
* \@mparswitchfalse
* \@reversemarginfalse
* (1in=72.27pt=25.4mm, 1cm=28.453pt)

(C:\Users\LENOVO\AppData\Local\MiKTeX\tex/context/base/mkii\supp-pdf.mkii
[Loading MPS to PDF converter (version 2006.09.02).]
\scratchcounter=\count275
\scratchdimen=\dimen160
\scratchbox=\box54
\nofMPsegments=\count276
\nofMParguments=\count277
\everyMPshowfont=\toks26
\MPscratchCnt=\count278
\MPscratchDim=\dimen161
\MPnumerator=\count279
\makeMPintoPDFobject=\count280
\everyMPtoPDFconversion=\toks27
)
(C:\Users\LENOVO\AppData\Local\MiKTeX\tex/latex/epstopdf-pkg\epstopdf-base.sty
Package: epstopdf-base 2020-01-24 v2.11 Base part for package epstopdf
Package epstopdf-base Info: Redefining graphics rule for `.eps' on input line 4
85.

(C:\Users\LENOVO\AppData\Local\MiKTeX\tex/latex/00miktex\epstopdf-sys.cfg
File: epstopdf-sys.cfg 2021/03/18 v2.0 Configuration of epstopdf for MiKTeX
))
LaTeX Font Info:    Trying to load font information for U+msa on input line 12.


(C:\Users\LENOVO\AppData\Local\MiKTeX\tex/latex/amsfonts\umsa.fd
File: umsa.fd 2013/01/14 v3.01 AMS symbols A
)
LaTeX Font Info:    Trying to load font information for U+msb on input line 12.


(C:\Users\LENOVO\AppData\Local\MiKTeX\tex/latex/amsfonts\umsb.fd
File: umsb.fd 2013/01/14 v3.01 AMS symbols B
)
Overfull \hbox (13.10033pt too wide) in paragraph at lines 13--14
[]\OT1/cmr/m/n/10.95 M^^Saquina, pro-grama, c^^Somputo, pro-gra-maci^^Son, c^^S
odigo m^^Saquina, lenguaje simb^^Solico o fuente, com-pi-lador, int^^Serprete. 

 []


Underfull \hbox (badness 10000) in paragraph at lines 36--63

 []


Underfull \hbox (badness 10000) in paragraph at lines 36--63

 []

[1

{C:/Users/LENOVO/AppData/Local/MiKTeX/fonts/map/pdftex/pdftex.map}]
<char1.png, id=12, 369.63094pt x 249.18094pt>
File: char1.png Graphic file (type png)
<use char1.png>
Package pdftex.def Info: char1.png  used on input line 110.
(pdftex.def)             Requested size: 270.3012pt x 182.21994pt.

Underfull \hbox (badness 10000) in paragraph at lines 64--114

 []


Underfull \hbox (badness 10000) in paragraph at lines 64--114

 []


Underfull \hbox (badness 10000) in paragraph at lines 64--114

 []


Underfull \hbox (badness 10000) in paragraph at lines 64--114

 []

[2]
Underfull \hbox (badness 10000) in paragraph at lines 118--120

 []

<char2.png, id=19, 374.90062pt x 260.47313pt>
File: char2.png Graphic file (type png)
<use char2.png>
Package pdftex.def Info: char2.png  used on input line 123.
(pdftex.def)             Requested size: 270.3012pt x 187.81076pt.
[3 <./char1.png> <./char2.png>]
Underfull \hbox (badness 10000) in paragraph at lines 148--163

 []

<printf3.png, id=25, 343.2825pt x 111.41624pt>
File: printf3.png Graphic file (type png)
<use printf3.png>
Package pdftex.def Info: printf3.png  used on input line 179.
(pdftex.def)             Requested size: 324.36473pt x 105.2753pt.
<printf1.png, id=26, 295.85532pt x 55.70813pt>
File: printf1.png Graphic file (type png)
<use printf1.png>
Package pdftex.def Info: printf1.png  used on input line 200.
(pdftex.def)             Requested size: 216.23764pt x 40.71758pt.
<printf2.png, id=27, 178.41656pt x 152.06813pt>
File: printf2.png Graphic file (type png)
<use printf2.png>
Package pdftex.def Info: printf2.png  used on input line 207.
(pdftex.def)             Requested size: 162.18236pt x 138.23834pt.

Underfull \hbox (badness 10000) in paragraph at lines 164--211

 []


Underfull \hbox (badness 10000) in paragraph at lines 164--211

 []


Underfull \hbox (badness 10000) in paragraph at lines 164--211

 []

[4]
Underfull \hbox (badness 10000) in paragraph at lines 212--228

 []


Underfull \hbox (badness 10000) in paragraph at lines 212--228

 []

[5 <./printf3.png> <./printf1.png> <./printf2.png>]
<Programa1.png, id=39, 460.72125pt x 244.66406pt>
File: Programa1.png Graphic file (type png)
<use Programa1.png>
Package pdftex.def Info: Programa1.png  used on input line 232.
(pdftex.def)             Requested size: 162.18236pt x 86.12648pt.
<Programa2.png, id=40, 462.97969pt x 277.78781pt>
File: Programa2.png Graphic file (type png)
<use Programa2.png>
Package pdftex.def Info: Programa2.png  used on input line 243.
(pdftex.def)             Requested size: 162.18236pt x 97.30771pt.
LaTeX Font Info:    Trying to load font information for OMS+cmr on input line 2
59.

(C:\Users\LENOVO\AppData\Local\MiKTeX\tex/latex/base\omscmr.fd
File: omscmr.fd 2023/04/13 v2.5m Standard LaTeX font definitions
)
LaTeX Font Info:    Font shape `OMS/cmr/m/n' in size <10.95> not available
(Font)              Font shape `OMS/cmsy/m/n' tried instead on input line 259.
<PalabrasReservadas.png, id=41, 330.48468pt x 62.48344pt>
File: PalabrasReservadas.png Graphic file (type png)
<use PalabrasReservadas.png>
Package pdftex.def Info: PalabrasReservadas.png  used on input line 266.
(pdftex.def)             Requested size: 324.36473pt x 61.32867pt.
<Palabras reservadas completo.png, id=42, 362.85562pt x 184.43906pt>
File: Palabras reservadas completo.png Graphic file (type png)
<use Palabras reservadas completo.png>
Package pdftex.def Info: Palabras reservadas completo.png  used on input line 2
72.
(pdftex.def)             Requested size: 324.36473pt x 164.87914pt.
 [6 <./Programa1.png> <./Programa2.png>]
Underfull \hbox (badness 10000) in paragraph at lines 279--281

 []


Underfull \hbox (badness 10000) in paragraph at lines 279--281

 []

<DeclaracionConst.png, id=51, 268.75406pt x 73.77562pt>
File: DeclaracionConst.png Graphic file (type png)
<use DeclaracionConst.png>
Package pdftex.def Info: DeclaracionConst.png  used on input line 305.
(pdftex.def)             Requested size: 324.36473pt x 89.04135pt.
[7 <./PalabrasReservadas.png> <./Palabras reservadas completo.png>]
<DeclaracionVariabl.png, id=58, 359.09157pt x 100.12407pt>
File: DeclaracionVariabl.png Graphic file (type png)
<use DeclaracionVariabl.png>
Package pdftex.def Info: DeclaracionVariabl.png  used on input line 331.
(pdftex.def)             Requested size: 324.36473pt x 90.44691pt.

Underfull \hbox (badness 10000) in paragraph at lines 337--345

 []

[8 <./DeclaracionConst.png> <./DeclaracionVariabl.png>]
<DeclaracionVar.png, id=64, 393.72093pt x 271.76532pt>
File: DeclaracionVar.png Graphic file (type png)
<use DeclaracionVar.png>
Package pdftex.def Info: DeclaracionVar.png  used on input line 356.
(pdftex.def)             Requested size: 324.36473pt x 223.88985pt.
<procedimiento sacnf.png, id=65, 369.63094pt x 63.23625pt>
File: procedimiento sacnf.png Graphic file (type png)
<use procedimiento sacnf.png>
Package pdftex.def Info: procedimiento sacnf.png  used on input line 380.
(pdftex.def)             Requested size: 324.36473pt x 55.4927pt.
 [9 <./DeclaracionVar.png>]
<tamaño en scanf.png, id=70, 360.59718pt x 73.02281pt>
File: tamaño en scanf.png Graphic file (type png)
<use tamaño en scanf.png>
Package pdftex.def Info: tamaño en scanf.png  used on input line 389.
(pdftex.def)             Requested size: 324.36473pt x 65.68536pt.
<Bloque.png, id=71, 335.75438pt x 115.18031pt>
File: Bloque.png Graphic file (type png)
<use Bloque.png>
Package pdftex.def Info: Bloque.png  used on input line 405.
(pdftex.def)             Requested size: 324.36473pt x 111.27306pt.
 [10 <./procedimiento sacnf.png> <./tamaño en scanf.png> <./Bloque.png>]
<encolumnado.png, id=78, 167.12437pt x 124.21407pt>
File: encolumnado.png Graphic file (type png)
<use encolumnado.png>
Package pdftex.def Info: encolumnado.png  used on input line 466.
(pdftex.def)             Requested size: 162.18236pt x 120.55002pt.

[11 <./encolumnado.png>]
<Comentarios.png, id=83, 338.76563pt x 353.82187pt>
File: Comentarios.png Graphic file (type png)
<use Comentarios.png>
Package pdftex.def Info: Comentarios.png  used on input line 491.
(pdftex.def)             Requested size: 324.36473pt x 338.79051pt.
<nombres.png, id=84, 284.56313pt x 423.08063pt>
File: nombres.png Graphic file (type png)
<use nombres.png>
Package pdftex.def Info: nombres.png  used on input line 508.
(pdftex.def)             Requested size: 324.36473pt x 482.30402pt.

Underfull \hbox (badness 10000) in paragraph at lines 513--521

 []

[12 <./Comentarios.png>] [13 <./nombres.png>]
Underfull \hbox (badness 10000) in paragraph at lines 541--548

 []


Underfull \hbox (badness 10000) in paragraph at lines 550--625

 []


Underfull \hbox (badness 10000) in paragraph at lines 550--625

 []


Underfull \hbox (badness 10000) in paragraph at lines 550--625

 []


Underfull \hbox (badness 10000) in paragraph at lines 550--625

 []


Underfull \hbox (badness 10000) in paragraph at lines 550--625

 []


Underfull \hbox (badness 10000) in paragraph at lines 550--625

 []


Underfull \hbox (badness 10000) in paragraph at lines 550--625

 []


Underfull \hbox (badness 10000) in paragraph at lines 550--625

 []


Underfull \hbox (badness 10000) in paragraph at lines 550--625

 []

[14]
Underfull \hbox (badness 10000) in paragraph at lines 626--646

 []


Underfull \hbox (badness 10000) in paragraph at lines 626--646

 []


Underfull \hbox (badness 10000) in paragraph at lines 626--646

 []


Underfull \hbox (badness 10000) in paragraph at lines 647--649

 []

[15]
Underfull \hbox (badness 10000) in paragraph at lines 650--674

 []


Underfull \hbox (badness 10000) in paragraph at lines 650--674

 []


Underfull \hbox (badness 10000) in paragraph at lines 650--674

 []


Underfull \hbox (badness 10000) in paragraph at lines 650--674

 []


Underfull \hbox (badness 10000) in paragraph at lines 675--682

 []


Underfull \hbox (badness 10000) in paragraph at lines 675--682

 []


Underfull \hbox (badness 10000) in paragraph at lines 689--693

 []


Underfull \hbox (badness 10000) in paragraph at lines 694--702

 []

[16]
Underfull \hbox (badness 10000) in paragraph at lines 703--745

 []


Underfull \hbox (badness 10000) in paragraph at lines 703--745

 []


Underfull \hbox (badness 10000) in paragraph at lines 703--745

 []


Underfull \hbox (badness 10000) in paragraph at lines 703--745

 []


Underfull \hbox (badness 10000) in paragraph at lines 746--772

 []


Underfull \hbox (badness 10000) in paragraph at lines 746--772

 []


Underfull \hbox (badness 10000) in paragraph at lines 746--772

 []


Underfull \hbox (badness 10000) in paragraph at lines 746--772

 []

[17]
Underfull \hbox (badness 10000) in paragraph at lines 775--789

 []


Underfull \hbox (badness 10000) in paragraph at lines 775--789

 []


Underfull \hbox (badness 10000) in paragraph at lines 791--809

 []

[18]
Underfull \hbox (badness 10000) in paragraph at lines 840--862

 []


Underfull \hbox (badness 10000) in paragraph at lines 840--862

 []


Underfull \hbox (badness 10000) in paragraph at lines 840--862

 []


Underfull \hbox (badness 10000) in paragraph at lines 863--888

 []

[19] [20]
Underfull \hbox (badness 10000) in paragraph at lines 931--938

 []

[21]
Underfull \hbox (badness 10000) in paragraph at lines 983--998

 []


Underfull \hbox (badness 10000) in paragraph at lines 983--998

 []


Underfull \hbox (badness 10000) in paragraph at lines 1018--1038

 []

[22]
Underfull \hbox (badness 10000) in paragraph at lines 1039--1098

 []

[23]
Underfull \hbox (badness 10000) in paragraph at lines 1099--1141

 []

[24] [25]
Underfull \hbox (badness 10000) in paragraph at lines 1244--1264

 []


Underfull \hbox (badness 10000) in paragraph at lines 1244--1264

 []

[26]
Underfull \hbox (badness 10000) in paragraph at lines 1268--1293

 []

[27] [28]
Underfull \hbox (badness 10000) in paragraph at lines 1361--1393

 []


Underfull \hbox (badness 10000) in paragraph at lines 1394--1439

 []

[29]
Underfull \hbox (badness 10000) in paragraph at lines 1440--1496

 []


Underfull \hbox (badness 10000) in paragraph at lines 1440--1496

 []

[30] [31] [32] (FundProgramacion.aux)
 ***********
LaTeX2e <2023-06-01> patch level 1
L3 programming layer <2023-06-30>
 ***********


LaTeX Warning: There were multiply-defined labels.

 ) 
Here is how much of TeX's memory you used:
 3377 strings out of 475549
 51366 string characters out of 5766283
 1934238 words of memory out of 5000000
 24576 multiletter control sequences out of 15000+600000
 566827 words of font info for 68 fonts, out of 8000000 for 9000
 1141 hyphenation exceptions out of 8191
 57i,7n,65p,788b,243s stack positions out of 10000i,1000n,20000p,200000b,200000s
 <C:\Users\LENOVO\AppData\Local\MiKTeX\fonts/pk/ljfour/jknappen/ec/dpi600\tcr
m1095.pk><C:/Users/LENOVO/AppData/Local/MiKTeX/fonts/type1/public/amsfonts/cm/c
mbx10.pfb><C:/Users/LENOVO/AppData/Local/MiKTeX/fonts/type1/public/amsfonts/cm/
cmbx12.pfb><C:/Users/LENOVO/AppData/Local/MiKTeX/fonts/type1/public/amsfonts/cm
/cmbxti10.pfb><C:/Users/LENOVO/AppData/Local/MiKTeX/fonts/type1/public/amsfonts
/cm/cmex10.pfb><C:/Users/LENOVO/AppData/Local/MiKTeX/fonts/type1/public/amsfont
s/cm/cmmi10.pfb><C:/Users/LENOVO/AppData/Local/MiKTeX/fonts/type1/public/amsfon
ts/cm/cmmi8.pfb><C:/Users/LENOVO/AppData/Local/MiKTeX/fonts/type1/public/amsfon
ts/cm/cmr10.pfb><C:/Users/LENOVO/AppData/Local/MiKTeX/fonts/type1/public/amsfon
ts/cm/cmr12.pfb><C:/Users/LENOVO/AppData/Local/MiKTeX/fonts/type1/public/amsfon
ts/cm/cmr17.pfb><C:/Users/LENOVO/AppData/Local/MiKTeX/fonts/type1/public/amsfon
ts/cm/cmr8.pfb><C:/Users/LENOVO/AppData/Local/MiKTeX/fonts/type1/public/amsfont
s/cm/cmsy10.pfb><C:/Users/LENOVO/AppData/Local/MiKTeX/fonts/type1/public/amsfon
ts/cm/cmsy8.pfb><C:/Users/LENOVO/AppData/Local/MiKTeX/fonts/type1/public/amsfon
ts/cm/cmti10.pfb>
Output written on FundProgramacion.pdf (32 pages, 1149647 bytes).
PDF statistics:
 212 PDF objects out of 1000 (max. 8388607)
 0 named destinations out of 1000 (max. 500000)
 91 words of extra memory for PDF output out of 10000 (max. 10000000)

